<?xml version="1.0" encoding="UTF-8"?>
<!-- Generated by org.testng.reporters.JUnitXMLReporter -->
<testsuite ignored="1" hostname="LAPTOP-V6FB1HFO" failures="0" tests="1" name="Default test" time="24.438" errors="0" timestamp="2023-06-12T09:07:35 IST">
  <testcase classname="testcases.SigninTest" name="signin_InValidCredential" time="18.668"/>
  <testcase classname="testcases.SigninTest" name="signin_ValidCredential" time="0.0">
    <ignored/>
  </testcase> <!-- signin_ValidCredential -->
</testsuite> <!-- Default test -->
