<?xml version="1.0" encoding="UTF-8"?>
<testng-results ignored="1" total="2" passed="1" failed="0" skipped="0">
  <reporter-output>
  </reporter-output>
  <suite started-at="2023-06-12T09:07:11 IST" name="Default suite" finished-at="2023-06-12T09:07:35 IST" duration-ms="24438">
    <groups>
    </groups>
    <test started-at="2023-06-12T09:07:11 IST" name="Default test" finished-at="2023-06-12T09:07:35 IST" duration-ms="24438">
      <class name="testcases.SigninTest">
        <test-method is-config="true" signature="Startup()[pri:0, instance:testcases.SigninTest@4d5d943d]" started-at="2023-06-12T09:07:11 IST" name="Startup" finished-at="2023-06-12T09:07:16 IST" duration-ms="5730" status="PASS">
          <reporter-output>
          </reporter-output>
        </test-method> <!-- Startup -->
        <test-method signature="signin_InValidCredential()[pri:0, instance:testcases.SigninTest@4d5d943d]" started-at="2023-06-12T09:07:16 IST" name="signin_InValidCredential" finished-at="2023-06-12T09:07:35 IST" duration-ms="18668" status="PASS">
          <reporter-output>
          </reporter-output>
        </test-method> <!-- signin_InValidCredential -->
      </class> <!-- testcases.SigninTest -->
    </test> <!-- Default test -->
  </suite> <!-- Default suite -->
</testng-results>
